<?xml version="1.0" encoding="UTF-8"?>
<testsuite xmlns:xsi="http://www.w3.org/2001/XMLSchema-instance" xsi:noNamespaceSchemaLocation="https://maven.apache.org/surefire/maven-surefire-plugin/xsd/surefire-test-report-3.0.xsd" version="3.0" name="com.example.renderdemo.controller.HelloControllerTest" time="4.986" tests="1" errors="0" skipped="0" failures="0">
  <properties>
[...]
</properties>
  <testcase name="hello_shouldReturnGreeting" classname="com.example.renderdemo.controller.HelloControllerTest" time="1.609">
    <system-out><![CDATA[18:13:35.541 [main] INFO org.springframework.test.context.support.AnnotationConfigContextLoaderUtils -- Could not detect default configuration classes for test class [com.example.renderdemo.controller.HelloControllerTest]: HelloControllerTest does not declare any static, non-private, non-final, nested classes annotated with @Configuration.
18:13:35.847 [main] INFO org.springframework.boot.test.context.SpringBootTestContextBootstrapper -- Found @SpringBootConfiguration com.example.renderdemo.DemoApplication for test class com.example.renderdemo.controller.HelloControllerTest

  .   ____          _            __ _ _
 /\\ / ___'_ __ _ _(_)_ __  __ _ \ \ \ \
( ( )\___ | '_ | '_| | '_ \/ _` | \ \ \ \
 \\/  ___)| |_)| | | | | || (_| |  ) ) ) )
  '  |____| .__|_| |_|_| |_\__, | / / / /
 =========|_|==============|___/=/_/_/_/

 :: Spring Boot ::                (v3.3.4)

2025-11-18T18:13:36.728-04:00  INFO 52084 --- [           main] c.e.r.controller.HelloControllerTest     : Starting HelloControllerTest using Java 17.0.16 with PID 52084 (started by ASUS in D:\BOOTCAMP JALA\Back-end\render-example)
2025-11-18T18:13:36.730-04:00  INFO 52084 --- [           main] c.e.r.controller.HelloControllerTest     : No active profile set, falling back to 1 default profile: "default"
2025-11-18T18:13:38.445-04:00  INFO 52084 --- [           main] o.s.b.t.m.w.SpringBootMockServletContext : Initializing Spring TestDispatcherServlet ''
2025-11-18T18:13:38.445-04:00  INFO 52084 --- [           main] o.s.t.web.servlet.TestDispatcherServlet  : Initializing Servlet ''
2025-11-18T18:13:38.448-04:00  INFO 52084 --- [           main] o.s.t.web.servlet.TestDispatcherServlet  : Completed initialization in 1 ms
2025-11-18T18:13:38.485-04:00  INFO 52084 --- [           main] c.e.r.controller.HelloControllerTest     : Started HelloControllerTest in 2.488 seconds (process running for 4.439)
]]></system-out>
  </testcase>
</testsuite>